Using pre-set license
Built from '2020.3/staging' branch; Version is '2020.3.8f1 (507919d4fff5) revision 5273881'; Using compiler version '192528614'; Build Type 'Release'
OS: 'Windows 10 Pro; OS build 19042.1165; Version 2009; 64bit' Language: 'en' Physical Memory: 8067 MB
BatchMode: 1, IsHumanControllingUs: 0, StartBugReporterOnCrash: 0, Is64bit: 1, IsPro: 0

 COMMAND LINE ARGUMENTS:
C:\Program Files\2020.3.8f1\Editor\Unity.exe
-adb2
-batchMode
-noUpm
-name
AssetImportWorker0
-projectPath
E:/Unity games/PixelBug/TextMeshPro
-logFile
Logs/AssetImportWorker0.log
-srvPort
54006
Successfully changed project path to: E:/Unity games/PixelBug/TextMeshPro
E:/Unity games/PixelBug/TextMeshPro
Using Asset Import Pipeline V2.
Refreshing native plugins compatible for Editor in 102.82 ms, found 1 plugins.
Preloading 0 native plugins for Editor in 0.00 ms.
Initialize engine version: 2020.3.8f1 (507919d4fff5)
[Subsystems] Discovering subsystems at path C:/Program Files/2020.3.8f1/Editor/Data/Resources/UnitySubsystems
[Subsystems] Discovering subsystems at path E:/Unity games/PixelBug/TextMeshPro/Assets
GfxDevice: creating device client; threaded=0
Direct3D:
    Version:  Direct3D 11.0 [level 11.1]
    Renderer: NVIDIA GeForce MX150 (ID=0x1d10)
    Vendor:   
    VRAM:     1983 MB
    Driver:   30.0.14.7111
Initialize mono
Mono path[0] = 'C:/Program Files/2020.3.8f1/Editor/Data/Managed'
Mono path[1] = 'C:/Program Files/2020.3.8f1/Editor/Data/MonoBleedingEdge/lib/mono/unityjit'
Mono config path = 'C:/Program Files/2020.3.8f1/Editor/Data/MonoBleedingEdge/etc'
Using monoOptions --debugger-agent=transport=dt_socket,embedding=1,server=y,suspend=n,address=127.0.0.1:56136
Begin MonoManager ReloadAssembly
Registering precompiled unity dll's ...
Register platform support module: C:/Program Files/2020.3.8f1/Editor/Data/PlaybackEngines/WindowsStandaloneSupport/UnityEditor.WindowsStandalone.Extensions.dll
Registered in 0.006788 seconds.
Native extension for WindowsStandalone target not found
Refreshing native plugins compatible for Editor in 98.93 ms, found 1 plugins.
Preloading 0 native plugins for Editor in 0.00 ms.
Mono: successfully reloaded assembly
- Completed reload, in  6.541 seconds
Platform modules already initialized, skipping
Registering precompiled user dll's ...
Registered in 0.002434 seconds.
Begin MonoManager ReloadAssembly
Native extension for WindowsStandalone target not found
Refreshing native plugins compatible for Editor in 156.77 ms, found 1 plugins.
Preloading 0 native plugins for Editor in 0.00 ms.
Mono: successfully reloaded assembly
- Completed reload, in  3.598 seconds
Platform modules already initialized, skipping
========================================================================
Worker process is ready to serve import requests
Launched and connected shader compiler UnityShaderCompiler.exe after 0.11 seconds
Refreshing native plugins compatible for Editor in 0.68 ms, found 1 plugins.
Preloading 0 native plugins for Editor in 0.00 ms.
Unloading 1856 Unused Serialized files (Serialized files now loaded: 0)
System memory in use before: 88.2 MB.
System memory in use after: 88.1 MB.

Unloading 24 unused Assets to reduce memory usage. Loaded Objects now: 2299.
Total: 8.287900 ms (FindLiveObjects: 0.359000 ms CreateObjectMapping: 0.150900 ms MarkObjects: 7.241000 ms  DeleteObjects: 0.533900 ms)

========================================================================
Received Import Request.
  path: Assets/TextAnim.cs
  artifactKey: Guid(4c6a74278df9173439945f3bfb474e35) Importer(815301076,1909f56bfc062723c751e8b465ee728b)
Start importing Assets/TextAnim.cs using Guid(4c6a74278df9173439945f3bfb474e35) Importer(815301076,1909f56bfc062723c751e8b465ee728b)  -> (artifact id: 'bfa6ce13773291c67ea0a2aabe321015') in 0.217031 seconds
  Import took 0.231078 seconds .

========================================================================
Received Prepare
Registering precompiled user dll's ...
Registered in 0.003004 seconds.
Begin MonoManager ReloadAssembly
Native extension for WindowsStandalone target not found
Refreshing native plugins compatible for Editor in 1.14 ms, found 1 plugins.
Preloading 0 native plugins for Editor in 0.00 ms.
Mono: successfully reloaded assembly
- Completed reload, in  2.805 seconds
Platform modules already initialized, skipping
Refreshing native plugins compatible for Editor in 1.12 ms, found 1 plugins.
Preloading 0 native plugins for Editor in 0.00 ms.
Unloading 1838 Unused Serialized files (Serialized files now loaded: 0)
System memory in use before: 86.9 MB.
System memory in use after: 86.8 MB.

Unloading 12 unused Assets to reduce memory usage. Loaded Objects now: 2303.
Total: 5.392600 ms (FindLiveObjects: 0.527400 ms CreateObjectMapping: 0.227600 ms MarkObjects: 4.401100 ms  DeleteObjects: 0.233300 ms)

========================================================================
Received Import Request.
  Time since last request: 65.386444 seconds.
  path: Assets/TextAnim.cs
  artifactKey: Guid(4c6a74278df9173439945f3bfb474e35) Importer(815301076,1909f56bfc062723c751e8b465ee728b)
Start importing Assets/TextAnim.cs using Guid(4c6a74278df9173439945f3bfb474e35) Importer(815301076,1909f56bfc062723c751e8b465ee728b)  -> (artifact id: '071cf639c5243cbc2a10c402f79c7b5b') in 0.009409 seconds
  Import took 0.016159 seconds .

========================================================================
Received Import Request.
  Time since last request: 0.072669 seconds.
  path: Assets/TextAnim.cs
  artifactKey: Guid(4c6a74278df9173439945f3bfb474e35) Importer(815301076,1909f56bfc062723c751e8b465ee728b)
Start importing Assets/TextAnim.cs using Guid(4c6a74278df9173439945f3bfb474e35) Importer(815301076,1909f56bfc062723c751e8b465ee728b)  -> (artifact id: '071cf639c5243cbc2a10c402f79c7b5b') in 0.004340 seconds
  Import took 0.010417 seconds .

========================================================================
Received Prepare
Registering precompiled user dll's ...
Registered in 0.002538 seconds.
Begin MonoManager ReloadAssembly
Native extension for WindowsStandalone target not found
Refreshing native plugins compatible for Editor in 0.82 ms, found 1 plugins.
Preloading 0 native plugins for Editor in 0.00 ms.
Mono: successfully reloaded assembly
- Completed reload, in  2.589 seconds
Platform modules already initialized, skipping
Refreshing native plugins compatible for Editor in 0.71 ms, found 1 plugins.
Preloading 0 native plugins for Editor in 0.00 ms.
Unloading 1838 Unused Serialized files (Serialized files now loaded: 0)
System memory in use before: 86.9 MB.
System memory in use after: 86.9 MB.

Unloading 12 unused Assets to reduce memory usage. Loaded Objects now: 2307.
Total: 4.023900 ms (FindLiveObjects: 0.355300 ms CreateObjectMapping: 0.178000 ms MarkObjects: 3.281900 ms  DeleteObjects: 0.206500 ms)

========================================================================
Received Prepare
Registering precompiled user dll's ...
Registered in 0.001614 seconds.
Begin MonoManager ReloadAssembly
Native extension for WindowsStandalone target not found
Refreshing native plugins compatible for Editor in 1.77 ms, found 1 plugins.
Preloading 0 native plugins for Editor in 0.00 ms.
Mono: successfully reloaded assembly
- Completed reload, in  3.381 seconds
Platform modules already initialized, skipping
Refreshing native plugins compatible for Editor in 1.52 ms, found 1 plugins.
Preloading 0 native plugins for Editor in 0.00 ms.
Unloading 1838 Unused Serialized files (Serialized files now loaded: 0)
System memory in use before: 86.9 MB.
System memory in use after: 86.9 MB.

Unloading 12 unused Assets to reduce memory usage. Loaded Objects now: 2311.
Total: 7.028400 ms (FindLiveObjects: 0.620100 ms CreateObjectMapping: 0.507300 ms MarkObjects: 5.553200 ms  DeleteObjects: 0.343200 ms)

AssetImportWorkerClient::OnTransportError - code=2 error=End of file
